

Version:	3.50
CmdLine:	C:\Users\zapat\Desktop\Paulina\ChecadorMaven\target\Kizera Checador V1.0.exe --l4j-debug
JNI:		No
WOW64:		Yes
Working dir:	C:\Users\zapat\Desktop\Paulina\ChecadorMaven\target\.
Requires JDK:	No
Requires 64-Bit: No
Java min ver:	
Java max ver:	
Substitute:	JAVA_HOME = C:\Program Files\Java\jdk-21\
Substitute:	PATH = C:\Program Files (x86)\Embarcadero\Studio\22.0\bin;C:\Users\Public\Documents\Embarcadero\Studio\22.0\Bpl;C:\Program Files (x86)\Embarcadero\Studio\22.0\bin64;C:\Users\Public\Documents\Embarcadero\Studio\22.0\Bpl\Win64;C:\WINDOWS\system32;C:\WINDOWS;C:\WINDOWS\System32\Wbem;C:\WINDOWS\System32\WindowsPowerShell\v1.0\;C:\WINDOWS\System32\OpenSSH\;C:\Program Files (x86)\IVI Foundation\VISA\WinNT\Bin\;C:\Program Files\IVI Foundation\VISA\Win64\Bin\;C:\Program Files (x86)\IVI Foundation\VISA\WinNT\Bin;C:\Program Files\Java\jdk-21\bin;C:\Program Files\PuTTY\;C:\Program Files\nodejs\;C:\Program Files\Java\jdk-21\\bin;C:\Program Files\Docker\Docker\resources\bin;D:\flutter\bin;C:\Users\zapat\AppData\Local\Microsoft\WindowsApps;C:\Users\zapat\AppData\Local\Programs\Microsoft VS Code\bin;C:\Users\zapat\AppData\Roaming\npm;C:\Program Files\arduino-cli;D:\flutter\bin;;C:\Program Files\Java\jdk-21\\bin
JRE paths:	C:\Program Files\Java\jdk-21\;C:\Program Files (x86)\Embarcadero\Studio\22.0\bin;C:\Users\Public\Documents\Embarcadero\Studio\22.0\Bpl;C:\Program Files (x86)\Embarcadero\Studio\22.0\bin64;C:\Users\Public\Documents\Embarcadero\Studio\22.0\Bpl\Win64;C:\WINDOWS\system32;C:\WINDOWS;C:\WINDOWS\System32\Wbem;C:\WINDOWS\System32\WindowsPowerShell\v1.0\;C:\WINDOWS\System32\OpenSSH\;C:\Program Files (x86)\IVI Foundation\VISA\WinNT\Bin\;C:\Program Files\IVI Foundation\VISA\Win64\Bin\;C:\Program Files (x86)\IVI Foundation\VISA\WinNT\Bin;C:\Program Files\Java\jdk-21\bin;C:\Program Files\PuTTY\;C:\Program Files\nodejs\;C:\Program Files\Java\jdk-21\\bin;C:\Program Files\Docker\Docker\resources\bin;D:\flutter\bin;C:\Users\zapat\AppData\Local\Microsoft\WindowsApps;C:\Users\zapat\AppData\Local\Programs\Microsoft VS Code\bin;C:\Users\zapat\AppData\Roaming\npm;C:\Program Files\arduino-cli;D:\flutter\bin;;C:\Program Files\Java\jdk-21\\bin
Check launcher:	C:\Program Files\Java\jdk-21\bin\javaw.exe (OK)
Version string: 1.021.000_001 / 64-Bit (OK)
Launcher:	C:\Program Files\Java\jdk-21\bin\javaw.exe
Launcher args:	-jar "C:\Users\zapat\Desktop\Paulina\ChecadorMaven\target\Kizera Checador V1.0.exe"
Args length:	83/32768 chars
Exit code:	0


Version:	3.50
CmdLine:	C:\Users\zapat\Desktop\Paulina\ChecadorMaven\target\Kizera Checador V1.0.exe --l4j-debug
JNI:		No
WOW64:		Yes
Working dir:	C:\Users\zapat\Desktop\Paulina\ChecadorMaven\target\.
Requires JDK:	No
Requires 64-Bit: No
Java min ver:	
Java max ver:	
Substitute:	JAVA_HOME = C:\Program Files\Java\jdk-21\
Substitute:	PATH = C:\Program Files (x86)\Embarcadero\Studio\22.0\bin;C:\Users\Public\Documents\Embarcadero\Studio\22.0\Bpl;C:\Program Files (x86)\Embarcadero\Studio\22.0\bin64;C:\Users\Public\Documents\Embarcadero\Studio\22.0\Bpl\Win64;C:\WINDOWS\system32;C:\WINDOWS;C:\WINDOWS\System32\Wbem;C:\WINDOWS\System32\WindowsPowerShell\v1.0\;C:\WINDOWS\System32\OpenSSH\;C:\Program Files (x86)\IVI Foundation\VISA\WinNT\Bin\;C:\Program Files\IVI Foundation\VISA\Win64\Bin\;C:\Program Files (x86)\IVI Foundation\VISA\WinNT\Bin;C:\Program Files\Java\jdk-21\bin;C:\Program Files\PuTTY\;C:\Program Files\nodejs\;C:\Program Files\Java\jdk-21\\bin;C:\Program Files\Docker\Docker\resources\bin;D:\flutter\bin;C:\Users\zapat\AppData\Local\Microsoft\WindowsApps;C:\Users\zapat\AppData\Local\Programs\Microsoft VS Code\bin;C:\Users\zapat\AppData\Roaming\npm;C:\Program Files\arduino-cli;D:\flutter\bin;;C:\Program Files\Java\jdk-21\\bin
JRE paths:	C:\Program Files\Java\jdk-21\;C:\Program Files (x86)\Embarcadero\Studio\22.0\bin;C:\Users\Public\Documents\Embarcadero\Studio\22.0\Bpl;C:\Program Files (x86)\Embarcadero\Studio\22.0\bin64;C:\Users\Public\Documents\Embarcadero\Studio\22.0\Bpl\Win64;C:\WINDOWS\system32;C:\WINDOWS;C:\WINDOWS\System32\Wbem;C:\WINDOWS\System32\WindowsPowerShell\v1.0\;C:\WINDOWS\System32\OpenSSH\;C:\Program Files (x86)\IVI Foundation\VISA\WinNT\Bin\;C:\Program Files\IVI Foundation\VISA\Win64\Bin\;C:\Program Files (x86)\IVI Foundation\VISA\WinNT\Bin;C:\Program Files\Java\jdk-21\bin;C:\Program Files\PuTTY\;C:\Program Files\nodejs\;C:\Program Files\Java\jdk-21\\bin;C:\Program Files\Docker\Docker\resources\bin;D:\flutter\bin;C:\Users\zapat\AppData\Local\Microsoft\WindowsApps;C:\Users\zapat\AppData\Local\Programs\Microsoft VS Code\bin;C:\Users\zapat\AppData\Roaming\npm;C:\Program Files\arduino-cli;D:\flutter\bin;;C:\Program Files\Java\jdk-21\\bin
Check launcher:	C:\Program Files\Java\jdk-21\bin\javaw.exe (OK)
Version string: 1.021.000_001 / 64-Bit (OK)
Launcher:	C:\Program Files\Java\jdk-21\bin\javaw.exe
Launcher args:	-jar "C:\Users\zapat\Desktop\Paulina\ChecadorMaven\target\Kizera Checador V1.0.exe"
Args length:	83/32768 chars
Exit code:	0
